2020-09-20 15:17:54,277 [Worker-21] INFO  o.e.m.c.i.l.LifecycleMappingFactory - Using org.maven.ide.eclipse.wtp.WarLifecycleMapping lifecycle mapping for MavenProject: com.spring:biz:1.0.0-BUILD-SNAPSHOT @ C:\Users\User\Desktop\IT공부\3차프로젝트\35_SpringMVC_JSON\pom.xml.
2020-09-20 15:17:56,692 [Worker-21] WARN  o.e.m.c.i.embedder.EclipseLogger - Using platform encoding (MS949 actually) to copy filtered resources, i.e. build is platform dependent!
2020-09-20 15:17:56,699 [Worker-21] INFO  o.e.m.c.i.embedder.EclipseLogger - Copying 2 resources
2020-09-20 15:17:56,717 [Worker-21] WARN  o.e.m.c.i.embedder.EclipseLogger - Using platform encoding (MS949 actually) to copy filtered resources, i.e. build is platform dependent!
2020-09-20 15:17:56,718 [Worker-21] INFO  o.e.m.c.i.embedder.EclipseLogger - Copying 1 resource
2020-09-20 15:17:59,657 [Worker-21] WARN  o.e.m.c.i.embedder.EclipseLogger - Using platform encoding (MS949 actually) to copy filtered resources, i.e. build is platform dependent!
2020-09-20 15:17:59,660 [Worker-21] INFO  o.e.m.c.i.embedder.EclipseLogger - Copying 2 resources
2020-09-20 15:17:59,677 [Worker-21] WARN  o.e.m.c.i.embedder.EclipseLogger - Using platform encoding (MS949 actually) to copy filtered resources, i.e. build is platform dependent!
2020-09-20 15:17:59,680 [Worker-21] INFO  o.e.m.c.i.embedder.EclipseLogger - Copying 1 resource
2020-09-20 15:18:00,861 [Worker-28] WARN  o.e.m.c.i.embedder.EclipseLogger - Using platform encoding (MS949 actually) to copy filtered resources, i.e. build is platform dependent!
2020-09-20 15:18:00,867 [Worker-28] INFO  o.e.m.c.i.embedder.EclipseLogger - Copying 2 resources
2020-09-20 15:18:00,878 [Worker-28] WARN  o.e.m.c.i.embedder.EclipseLogger - Using platform encoding (MS949 actually) to copy filtered resources, i.e. build is platform dependent!
2020-09-20 15:18:00,881 [Worker-28] INFO  o.e.m.c.i.embedder.EclipseLogger - Copying 1 resource
2020-09-20 15:18:01,961 [Worker-24] WARN  o.e.m.c.i.embedder.EclipseLogger - Using platform encoding (MS949 actually) to copy filtered resources, i.e. build is platform dependent!
2020-09-20 15:18:01,965 [Worker-24] INFO  o.e.m.c.i.embedder.EclipseLogger - Copying 2 resources
2020-09-20 15:18:01,974 [Worker-24] WARN  o.e.m.c.i.embedder.EclipseLogger - Using platform encoding (MS949 actually) to copy filtered resources, i.e. build is platform dependent!
2020-09-20 15:18:01,977 [Worker-24] INFO  o.e.m.c.i.embedder.EclipseLogger - Copying 1 resource
2020-09-20 15:18:03,022 [Worker-29] WARN  o.e.m.c.i.embedder.EclipseLogger - Using platform encoding (MS949 actually) to copy filtered resources, i.e. build is platform dependent!
2020-09-20 15:18:03,025 [Worker-29] INFO  o.e.m.c.i.embedder.EclipseLogger - Copying 2 resources
2020-09-20 15:18:03,036 [Worker-29] WARN  o.e.m.c.i.embedder.EclipseLogger - Using platform encoding (MS949 actually) to copy filtered resources, i.e. build is platform dependent!
2020-09-20 15:18:03,040 [Worker-29] INFO  o.e.m.c.i.embedder.EclipseLogger - Copying 1 resource
2020-09-20 15:18:04,059 [Worker-24] WARN  o.e.m.c.i.embedder.EclipseLogger - Using platform encoding (MS949 actually) to copy filtered resources, i.e. build is platform dependent!
2020-09-20 15:18:04,065 [Worker-24] INFO  o.e.m.c.i.embedder.EclipseLogger - Copying 2 resources
2020-09-20 15:18:04,076 [Worker-24] WARN  o.e.m.c.i.embedder.EclipseLogger - Using platform encoding (MS949 actually) to copy filtered resources, i.e. build is platform dependent!
2020-09-20 15:18:04,079 [Worker-24] INFO  o.e.m.c.i.embedder.EclipseLogger - Copying 1 resource
2020-09-20 15:18:05,145 [Worker-21] WARN  o.e.m.c.i.embedder.EclipseLogger - Using platform encoding (MS949 actually) to copy filtered resources, i.e. build is platform dependent!
2020-09-20 15:18:05,148 [Worker-21] INFO  o.e.m.c.i.embedder.EclipseLogger - Copying 2 resources
2020-09-20 15:18:05,160 [Worker-21] WARN  o.e.m.c.i.embedder.EclipseLogger - Using platform encoding (MS949 actually) to copy filtered resources, i.e. build is platform dependent!
2020-09-20 15:18:05,162 [Worker-21] INFO  o.e.m.c.i.embedder.EclipseLogger - Copying 1 resource
2020-09-20 15:18:06,095 [Worker-2] WARN  o.e.m.c.i.embedder.EclipseLogger - Using platform encoding (MS949 actually) to copy filtered resources, i.e. build is platform dependent!
2020-09-20 15:18:06,099 [Worker-2] INFO  o.e.m.c.i.embedder.EclipseLogger - Copying 2 resources
2020-09-20 15:18:06,117 [Worker-2] WARN  o.e.m.c.i.embedder.EclipseLogger - Using platform encoding (MS949 actually) to copy filtered resources, i.e. build is platform dependent!
2020-09-20 15:18:06,123 [Worker-2] INFO  o.e.m.c.i.embedder.EclipseLogger - Copying 1 resource
2020-09-20 15:18:38,818 [Worker-2] WARN  o.e.m.c.i.embedder.EclipseLogger - Using platform encoding (MS949 actually) to copy filtered resources, i.e. build is platform dependent!
2020-09-20 15:18:38,837 [Worker-2] INFO  o.e.m.c.i.embedder.EclipseLogger - Copying 2 resources
2020-09-20 15:18:38,840 [Worker-2] WARN  o.e.m.c.i.embedder.EclipseLogger - Using platform encoding (MS949 actually) to copy filtered resources, i.e. build is platform dependent!
2020-09-20 15:18:38,843 [Worker-2] INFO  o.e.m.c.i.embedder.EclipseLogger - Copying 0 resource
2020-09-20 15:18:50,722 [Worker-2] WARN  o.e.m.c.i.embedder.EclipseLogger - Using platform encoding (MS949 actually) to copy filtered resources, i.e. build is platform dependent!
2020-09-20 15:18:50,724 [Worker-2] INFO  o.e.m.c.i.embedder.EclipseLogger - Copying 0 resource
2020-09-20 15:18:50,725 [Worker-2] WARN  o.e.m.c.i.embedder.EclipseLogger - Using platform encoding (MS949 actually) to copy filtered resources, i.e. build is platform dependent!
2020-09-20 15:18:50,727 [Worker-2] INFO  o.e.m.c.i.embedder.EclipseLogger - Copying 0 resource
2020-09-20 15:24:56,668 [Worker-30] INFO  o.e.m.c.i.l.LifecycleMappingFactory - Using org.maven.ide.eclipse.wtp.WarLifecycleMapping lifecycle mapping for MavenProject: com.spring:biz:1.0.0-BUILD-SNAPSHOT @ C:\Users\User\Desktop\IT공부\3차프로젝트\36_SpringMVC_MyBatis\pom.xml.
2020-09-20 15:24:57,788 [Worker-30] WARN  o.e.m.c.i.embedder.EclipseLogger - Using platform encoding (MS949 actually) to copy filtered resources, i.e. build is platform dependent!
2020-09-20 15:24:57,791 [Worker-30] INFO  o.e.m.c.i.embedder.EclipseLogger - Copying 4 resources
2020-09-20 15:24:57,817 [Worker-30] WARN  o.e.m.c.i.embedder.EclipseLogger - Using platform encoding (MS949 actually) to copy filtered resources, i.e. build is platform dependent!
2020-09-20 15:24:57,818 [Worker-30] INFO  o.e.m.c.i.embedder.EclipseLogger - Copying 1 resource
2020-09-20 15:25:23,467 [Worker-33] WARN  o.e.m.c.i.embedder.EclipseLogger - Using platform encoding (MS949 actually) to copy filtered resources, i.e. build is platform dependent!
2020-09-20 15:25:23,476 [Worker-33] INFO  o.e.m.c.i.embedder.EclipseLogger - Copying 4 resources
2020-09-20 15:25:23,507 [Worker-33] WARN  o.e.m.c.i.embedder.EclipseLogger - Using platform encoding (MS949 actually) to copy filtered resources, i.e. build is platform dependent!
2020-09-20 15:25:23,510 [Worker-33] INFO  o.e.m.c.i.embedder.EclipseLogger - Copying 1 resource
2020-09-20 15:36:28,329 [Worker-39] WARN  o.e.m.c.i.embedder.EclipseLogger - Using platform encoding (MS949 actually) to copy filtered resources, i.e. build is platform dependent!
2020-09-20 15:36:28,331 [Worker-39] INFO  o.e.m.c.i.embedder.EclipseLogger - Copying 0 resource
2020-09-20 15:36:28,333 [Worker-39] WARN  o.e.m.c.i.embedder.EclipseLogger - Using platform encoding (MS949 actually) to copy filtered resources, i.e. build is platform dependent!
2020-09-20 15:36:28,335 [Worker-39] INFO  o.e.m.c.i.embedder.EclipseLogger - Copying 0 resource
2020-09-20 15:37:26,622 [Worker-41] WARN  o.e.m.c.i.embedder.EclipseLogger - Using platform encoding (MS949 actually) to copy filtered resources, i.e. build is platform dependent!
2020-09-20 15:37:26,625 [Worker-41] INFO  o.e.m.c.i.embedder.EclipseLogger - Copying 0 resource
2020-09-20 15:37:26,627 [Worker-41] WARN  o.e.m.c.i.embedder.EclipseLogger - Using platform encoding (MS949 actually) to copy filtered resources, i.e. build is platform dependent!
2020-09-20 15:37:26,630 [Worker-41] INFO  o.e.m.c.i.embedder.EclipseLogger - Copying 0 resource
2020-09-20 15:37:42,373 [Worker-39] WARN  o.e.m.c.i.embedder.EclipseLogger - Using platform encoding (MS949 actually) to copy filtered resources, i.e. build is platform dependent!
2020-09-20 15:37:42,375 [Worker-39] INFO  o.e.m.c.i.embedder.EclipseLogger - Copying 0 resource
2020-09-20 15:37:42,378 [Worker-39] WARN  o.e.m.c.i.embedder.EclipseLogger - Using platform encoding (MS949 actually) to copy filtered resources, i.e. build is platform dependent!
2020-09-20 15:37:42,382 [Worker-39] INFO  o.e.m.c.i.embedder.EclipseLogger - Copying 0 resource
2020-09-20 15:40:26,638 [Worker-39] INFO  o.e.m.c.i.p.ProjectConfigurationManager - Update started
2020-09-20 15:40:26,871 [Worker-39] INFO  o.e.m.c.i.l.LifecycleMappingFactory - Using org.maven.ide.eclipse.wtp.WarLifecycleMapping lifecycle mapping for MavenProject: com.spring:biz:1.0.0-BUILD-SNAPSHOT @ C:\Users\User\Desktop\IT공부\3차프로젝트\36_SpringMVC_MyBatis\pom.xml.
2020-09-20 15:40:27,857 [Worker-39] INFO  o.e.m.j.i.AbstractJavaProjectConfigurator - Adding source folder /36_SpringMVC_MyBatis/src/main/java
2020-09-20 15:40:27,858 [Worker-39] INFO  o.e.m.j.i.AbstractJavaProjectConfigurator - Adding resource folder /36_SpringMVC_MyBatis/src/main/resources
2020-09-20 15:40:27,859 [Worker-39] INFO  o.e.m.j.i.AbstractJavaProjectConfigurator - Adding source folder /36_SpringMVC_MyBatis/src/test/java
2020-09-20 15:40:27,859 [Worker-39] INFO  o.e.m.j.i.AbstractJavaProjectConfigurator - Adding resource folder /36_SpringMVC_MyBatis/src/test/resources
2020-09-20 15:40:28,858 [Worker-39] INFO  o.e.m.w.i.f.ResourceFilteringBuildParticipant - Cleaning filtered folder for 36_SpringMVC_MyBatis
2020-09-20 15:40:28,880 [Worker-39] INFO  o.e.m.c.i.p.ProjectConfigurationManager - Update completed: 2 sec
2020-09-20 15:40:30,180 [Worker-32] WARN  o.e.m.c.i.embedder.EclipseLogger - Using platform encoding (MS949 actually) to copy filtered resources, i.e. build is platform dependent!
2020-09-20 15:40:30,182 [Worker-32] INFO  o.e.m.c.i.embedder.EclipseLogger - Copying 4 resources
2020-09-20 15:40:30,228 [Worker-32] WARN  o.e.m.c.i.embedder.EclipseLogger - Using platform encoding (MS949 actually) to copy filtered resources, i.e. build is platform dependent!
2020-09-20 15:40:30,231 [Worker-32] INFO  o.e.m.c.i.embedder.EclipseLogger - Copying 1 resource
2020-09-20 15:40:30,242 [Worker-32] INFO  o.e.m.w.i.f.ResourceFilteringBuildParticipant - Changed resources require a complete clean of filtered resources of 36_SpringMVC_MyBatis
2020-09-20 15:40:30,244 [Worker-32] INFO  o.e.m.w.i.f.ResourceFilteringBuildParticipant - Executing resource filtering for 36_SpringMVC_MyBatis
2020-09-20 15:40:30,257 [Worker-32] WARN  o.e.m.c.i.embedder.EclipseLogger - Using platform encoding (MS949 actually) to copy filtered resources, i.e. build is platform dependent!
2020-09-20 15:41:08,095 [Worker-40] INFO  o.e.m.c.i.l.LifecycleMappingFactory - Using org.maven.ide.eclipse.wtp.WarLifecycleMapping lifecycle mapping for MavenProject: com.spring:biz:1.0.0-BUILD-SNAPSHOT @ C:\Users\User\Desktop\IT공부\3차프로젝트\WithWork\pom.xml.
2020-09-20 15:41:10,441 [Worker-40] WARN  o.e.m.c.i.embedder.EclipseLogger - Using platform encoding (MS949 actually) to copy filtered resources, i.e. build is platform dependent!
2020-09-20 15:41:10,445 [Worker-40] INFO  o.e.m.c.i.embedder.EclipseLogger - Copying 4 resources
2020-09-20 15:41:10,481 [Worker-40] WARN  o.e.m.c.i.embedder.EclipseLogger - Using platform encoding (MS949 actually) to copy filtered resources, i.e. build is platform dependent!
2020-09-20 15:41:10,483 [Worker-40] INFO  o.e.m.c.i.embedder.EclipseLogger - Copying 1 resource
2020-09-20 15:41:28,499 [Worker-40] WARN  o.e.m.c.i.embedder.EclipseLogger - Using platform encoding (MS949 actually) to copy filtered resources, i.e. build is platform dependent!
2020-09-20 15:41:28,506 [Worker-40] INFO  o.e.m.c.i.embedder.EclipseLogger - Copying 4 resources
2020-09-20 15:41:28,540 [Worker-40] WARN  o.e.m.c.i.embedder.EclipseLogger - Using platform encoding (MS949 actually) to copy filtered resources, i.e. build is platform dependent!
2020-09-20 15:41:28,544 [Worker-40] INFO  o.e.m.c.i.embedder.EclipseLogger - Copying 1 resource
2020-09-20 15:42:07,226 [Worker-36] WARN  o.e.m.c.i.embedder.EclipseLogger - Using platform encoding (MS949 actually) to copy filtered resources, i.e. build is platform dependent!
2020-09-20 15:42:07,228 [Worker-36] INFO  o.e.m.c.i.embedder.EclipseLogger - Copying 0 resource
2020-09-20 15:42:07,230 [Worker-36] WARN  o.e.m.c.i.embedder.EclipseLogger - Using platform encoding (MS949 actually) to copy filtered resources, i.e. build is platform dependent!
2020-09-20 15:42:07,233 [Worker-36] INFO  o.e.m.c.i.embedder.EclipseLogger - Copying 0 resource
2020-09-20 15:42:13,707 [Worker-44] WARN  o.e.m.c.i.embedder.EclipseLogger - Using platform encoding (MS949 actually) to copy filtered resources, i.e. build is platform dependent!
2020-09-20 15:42:13,711 [Worker-44] INFO  o.e.m.c.i.embedder.EclipseLogger - Copying 0 resource
2020-09-20 15:42:13,713 [Worker-44] WARN  o.e.m.c.i.embedder.EclipseLogger - Using platform encoding (MS949 actually) to copy filtered resources, i.e. build is platform dependent!
2020-09-20 15:42:13,716 [Worker-44] INFO  o.e.m.c.i.embedder.EclipseLogger - Copying 0 resource
2020-09-20 15:42:30,715 [Worker-44] WARN  o.e.m.c.i.embedder.EclipseLogger - Using platform encoding (MS949 actually) to copy filtered resources, i.e. build is platform dependent!
2020-09-20 15:42:30,718 [Worker-44] INFO  o.e.m.c.i.embedder.EclipseLogger - Copying 0 resource
2020-09-20 15:42:30,720 [Worker-44] WARN  o.e.m.c.i.embedder.EclipseLogger - Using platform encoding (MS949 actually) to copy filtered resources, i.e. build is platform dependent!
2020-09-20 15:42:30,724 [Worker-44] INFO  o.e.m.c.i.embedder.EclipseLogger - Copying 0 resource
2020-09-20 15:42:37,771 [Worker-39] WARN  o.e.m.c.i.embedder.EclipseLogger - Using platform encoding (MS949 actually) to copy filtered resources, i.e. build is platform dependent!
2020-09-20 15:42:37,774 [Worker-39] INFO  o.e.m.c.i.embedder.EclipseLogger - Copying 0 resource
2020-09-20 15:42:37,777 [Worker-39] WARN  o.e.m.c.i.embedder.EclipseLogger - Using platform encoding (MS949 actually) to copy filtered resources, i.e. build is platform dependent!
2020-09-20 15:42:37,780 [Worker-39] INFO  o.e.m.c.i.embedder.EclipseLogger - Copying 0 resource
2020-09-20 15:43:00,966 [Worker-44] WARN  o.e.m.c.i.embedder.EclipseLogger - Using platform encoding (MS949 actually) to copy filtered resources, i.e. build is platform dependent!
2020-09-20 15:43:00,968 [Worker-44] INFO  o.e.m.c.i.embedder.EclipseLogger - Copying 0 resource
2020-09-20 15:43:00,970 [Worker-44] WARN  o.e.m.c.i.embedder.EclipseLogger - Using platform encoding (MS949 actually) to copy filtered resources, i.e. build is platform dependent!
2020-09-20 15:43:00,973 [Worker-44] INFO  o.e.m.c.i.embedder.EclipseLogger - Copying 0 resource
2020-09-20 15:43:19,925 [Worker-41] WARN  o.e.m.c.i.embedder.EclipseLogger - Using platform encoding (MS949 actually) to copy filtered resources, i.e. build is platform dependent!
2020-09-20 15:43:19,928 [Worker-41] INFO  o.e.m.c.i.embedder.EclipseLogger - Copying 0 resource
2020-09-20 15:43:19,930 [Worker-41] WARN  o.e.m.c.i.embedder.EclipseLogger - Using platform encoding (MS949 actually) to copy filtered resources, i.e. build is platform dependent!
2020-09-20 15:43:19,933 [Worker-41] INFO  o.e.m.c.i.embedder.EclipseLogger - Copying 0 resource
2020-09-20 15:43:22,630 [Worker-32] WARN  o.e.m.c.i.embedder.EclipseLogger - Using platform encoding (MS949 actually) to copy filtered resources, i.e. build is platform dependent!
2020-09-20 15:43:22,632 [Worker-32] INFO  o.e.m.c.i.embedder.EclipseLogger - Copying 0 resource
2020-09-20 15:43:22,634 [Worker-32] WARN  o.e.m.c.i.embedder.EclipseLogger - Using platform encoding (MS949 actually) to copy filtered resources, i.e. build is platform dependent!
2020-09-20 15:43:22,636 [Worker-32] INFO  o.e.m.c.i.embedder.EclipseLogger - Copying 0 resource
2020-09-20 15:43:28,841 [Worker-39] WARN  o.e.m.c.i.embedder.EclipseLogger - Using platform encoding (MS949 actually) to copy filtered resources, i.e. build is platform dependent!
2020-09-20 15:43:28,846 [Worker-39] INFO  o.e.m.c.i.embedder.EclipseLogger - Copying 0 resource
2020-09-20 15:43:28,849 [Worker-39] WARN  o.e.m.c.i.embedder.EclipseLogger - Using platform encoding (MS949 actually) to copy filtered resources, i.e. build is platform dependent!
2020-09-20 15:43:28,854 [Worker-39] INFO  o.e.m.c.i.embedder.EclipseLogger - Copying 0 resource
2020-09-20 15:43:34,677 [Worker-45] WARN  o.e.m.c.i.embedder.EclipseLogger - Using platform encoding (MS949 actually) to copy filtered resources, i.e. build is platform dependent!
2020-09-20 15:43:34,679 [Worker-45] INFO  o.e.m.c.i.embedder.EclipseLogger - Copying 0 resource
2020-09-20 15:43:34,681 [Worker-45] WARN  o.e.m.c.i.embedder.EclipseLogger - Using platform encoding (MS949 actually) to copy filtered resources, i.e. build is platform dependent!
2020-09-20 15:43:34,684 [Worker-45] INFO  o.e.m.c.i.embedder.EclipseLogger - Copying 0 resource
2020-09-20 15:43:57,389 [Worker-46] WARN  o.e.m.c.i.embedder.EclipseLogger - Using platform encoding (MS949 actually) to copy filtered resources, i.e. build is platform dependent!
2020-09-20 15:43:57,392 [Worker-46] INFO  o.e.m.c.i.embedder.EclipseLogger - Copying 0 resource
2020-09-20 15:43:57,394 [Worker-46] WARN  o.e.m.c.i.embedder.EclipseLogger - Using platform encoding (MS949 actually) to copy filtered resources, i.e. build is platform dependent!
2020-09-20 15:43:57,396 [Worker-46] INFO  o.e.m.c.i.embedder.EclipseLogger - Copying 0 resource
2020-09-20 15:44:23,532 [Worker-44] WARN  o.e.m.c.i.embedder.EclipseLogger - Using platform encoding (MS949 actually) to copy filtered resources, i.e. build is platform dependent!
2020-09-20 15:44:23,538 [Worker-44] INFO  o.e.m.c.i.embedder.EclipseLogger - Copying 1 resource
2020-09-20 15:44:23,544 [Worker-44] WARN  o.e.m.c.i.embedder.EclipseLogger - Using platform encoding (MS949 actually) to copy filtered resources, i.e. build is platform dependent!
2020-09-20 15:44:23,546 [Worker-44] INFO  o.e.m.c.i.embedder.EclipseLogger - Copying 0 resource
2020-09-20 15:44:38,031 [Worker-44] WARN  o.e.m.c.i.embedder.EclipseLogger - Using platform encoding (MS949 actually) to copy filtered resources, i.e. build is platform dependent!
2020-09-20 15:44:38,033 [Worker-44] INFO  o.e.m.c.i.embedder.EclipseLogger - Copying 1 resource
2020-09-20 15:44:38,039 [Worker-44] WARN  o.e.m.c.i.embedder.EclipseLogger - Using platform encoding (MS949 actually) to copy filtered resources, i.e. build is platform dependent!
2020-09-20 15:44:38,042 [Worker-44] INFO  o.e.m.c.i.embedder.EclipseLogger - Copying 0 resource
2020-09-20 15:44:50,350 [Worker-42] WARN  o.e.m.c.i.embedder.EclipseLogger - Using platform encoding (MS949 actually) to copy filtered resources, i.e. build is platform dependent!
2020-09-20 15:44:50,356 [Worker-42] INFO  o.e.m.c.i.embedder.EclipseLogger - Copying 4 resources
2020-09-20 15:44:50,360 [Worker-42] WARN  o.e.m.c.i.embedder.EclipseLogger - Using platform encoding (MS949 actually) to copy filtered resources, i.e. build is platform dependent!
2020-09-20 15:44:50,363 [Worker-42] INFO  o.e.m.c.i.embedder.EclipseLogger - Copying 0 resource
2020-09-20 15:45:23,060 [Worker-43] WARN  o.e.m.c.i.embedder.EclipseLogger - Using platform encoding (MS949 actually) to copy filtered resources, i.e. build is platform dependent!
2020-09-20 15:45:23,064 [Worker-43] INFO  o.e.m.c.i.embedder.EclipseLogger - Copying 1 resource
2020-09-20 15:45:23,076 [Worker-43] WARN  o.e.m.c.i.embedder.EclipseLogger - Using platform encoding (MS949 actually) to copy filtered resources, i.e. build is platform dependent!
2020-09-20 15:45:23,080 [Worker-43] INFO  o.e.m.c.i.embedder.EclipseLogger - Copying 0 resource
2020-09-20 15:45:34,575 [Worker-40] WARN  o.e.m.c.i.embedder.EclipseLogger - Using platform encoding (MS949 actually) to copy filtered resources, i.e. build is platform dependent!
2020-09-20 15:45:34,583 [Worker-40] INFO  o.e.m.c.i.embedder.EclipseLogger - Copying 4 resources
2020-09-20 15:45:34,587 [Worker-40] WARN  o.e.m.c.i.embedder.EclipseLogger - Using platform encoding (MS949 actually) to copy filtered resources, i.e. build is platform dependent!
2020-09-20 15:45:34,590 [Worker-40] INFO  o.e.m.c.i.embedder.EclipseLogger - Copying 0 resource
2020-09-20 15:45:40,833 [Worker-42] WARN  o.e.m.c.i.embedder.EclipseLogger - Using platform encoding (MS949 actually) to copy filtered resources, i.e. build is platform dependent!
2020-09-20 15:45:40,841 [Worker-42] INFO  o.e.m.c.i.embedder.EclipseLogger - Copying 4 resources
2020-09-20 15:45:40,844 [Worker-42] WARN  o.e.m.c.i.embedder.EclipseLogger - Using platform encoding (MS949 actually) to copy filtered resources, i.e. build is platform dependent!
2020-09-20 15:45:40,846 [Worker-42] INFO  o.e.m.c.i.embedder.EclipseLogger - Copying 0 resource
2020-09-20 15:45:55,435 [Worker-42] WARN  o.e.m.c.i.embedder.EclipseLogger - Using platform encoding (MS949 actually) to copy filtered resources, i.e. build is platform dependent!
2020-09-20 15:45:55,441 [Worker-42] INFO  o.e.m.c.i.embedder.EclipseLogger - Copying 4 resources
2020-09-20 15:45:55,445 [Worker-42] WARN  o.e.m.c.i.embedder.EclipseLogger - Using platform encoding (MS949 actually) to copy filtered resources, i.e. build is platform dependent!
2020-09-20 15:45:55,447 [Worker-42] INFO  o.e.m.c.i.embedder.EclipseLogger - Copying 0 resource
2020-09-20 15:46:03,413 [Worker-40] WARN  o.e.m.c.i.embedder.EclipseLogger - Using platform encoding (MS949 actually) to copy filtered resources, i.e. build is platform dependent!
2020-09-20 15:46:03,418 [Worker-40] INFO  o.e.m.c.i.embedder.EclipseLogger - Copying 4 resources
2020-09-20 15:46:03,421 [Worker-40] WARN  o.e.m.c.i.embedder.EclipseLogger - Using platform encoding (MS949 actually) to copy filtered resources, i.e. build is platform dependent!
2020-09-20 15:46:03,423 [Worker-40] INFO  o.e.m.c.i.embedder.EclipseLogger - Copying 0 resource
2020-09-20 15:46:14,930 [Worker-44] WARN  o.e.m.c.i.embedder.EclipseLogger - Using platform encoding (MS949 actually) to copy filtered resources, i.e. build is platform dependent!
2020-09-20 15:46:14,937 [Worker-44] INFO  o.e.m.c.i.embedder.EclipseLogger - Copying 4 resources
2020-09-20 15:46:14,939 [Worker-44] WARN  o.e.m.c.i.embedder.EclipseLogger - Using platform encoding (MS949 actually) to copy filtered resources, i.e. build is platform dependent!
2020-09-20 15:46:14,941 [Worker-44] INFO  o.e.m.c.i.embedder.EclipseLogger - Copying 0 resource
2020-09-20 15:46:20,422 [Worker-36] WARN  o.e.m.c.i.embedder.EclipseLogger - Using platform encoding (MS949 actually) to copy filtered resources, i.e. build is platform dependent!
2020-09-20 15:46:20,427 [Worker-36] INFO  o.e.m.c.i.embedder.EclipseLogger - Copying 4 resources
2020-09-20 15:46:20,432 [Worker-36] WARN  o.e.m.c.i.embedder.EclipseLogger - Using platform encoding (MS949 actually) to copy filtered resources, i.e. build is platform dependent!
2020-09-20 15:46:20,434 [Worker-36] INFO  o.e.m.c.i.embedder.EclipseLogger - Copying 0 resource
2020-09-20 15:46:44,133 [Worker-42] WARN  o.e.m.c.i.embedder.EclipseLogger - Using platform encoding (MS949 actually) to copy filtered resources, i.e. build is platform dependent!
2020-09-20 15:46:44,137 [Worker-42] INFO  o.e.m.c.i.embedder.EclipseLogger - Copying 0 resource
2020-09-20 15:46:44,141 [Worker-42] WARN  o.e.m.c.i.embedder.EclipseLogger - Using platform encoding (MS949 actually) to copy filtered resources, i.e. build is platform dependent!
2020-09-20 15:46:44,146 [Worker-42] INFO  o.e.m.c.i.embedder.EclipseLogger - Copying 0 resource
2020-09-20 15:47:07,442 [Worker-46] WARN  o.e.m.c.i.embedder.EclipseLogger - Using platform encoding (MS949 actually) to copy filtered resources, i.e. build is platform dependent!
2020-09-20 15:47:07,444 [Worker-46] INFO  o.e.m.c.i.embedder.EclipseLogger - Copying 0 resource
2020-09-20 15:47:07,445 [Worker-46] WARN  o.e.m.c.i.embedder.EclipseLogger - Using platform encoding (MS949 actually) to copy filtered resources, i.e. build is platform dependent!
2020-09-20 15:47:07,448 [Worker-46] INFO  o.e.m.c.i.embedder.EclipseLogger - Copying 0 resource
2020-09-20 15:48:11,273 [Worker-43] WARN  o.e.m.c.i.embedder.EclipseLogger - Using platform encoding (MS949 actually) to copy filtered resources, i.e. build is platform dependent!
2020-09-20 15:48:11,278 [Worker-43] INFO  o.e.m.c.i.embedder.EclipseLogger - Copying 0 resource
2020-09-20 15:48:11,282 [Worker-43] WARN  o.e.m.c.i.embedder.EclipseLogger - Using platform encoding (MS949 actually) to copy filtered resources, i.e. build is platform dependent!
2020-09-20 15:48:11,286 [Worker-43] INFO  o.e.m.c.i.embedder.EclipseLogger - Copying 0 resource
2020-09-20 15:48:23,499 [Worker-44] WARN  o.e.m.c.i.embedder.EclipseLogger - Using platform encoding (MS949 actually) to copy filtered resources, i.e. build is platform dependent!
2020-09-20 15:48:23,501 [Worker-44] INFO  o.e.m.c.i.embedder.EclipseLogger - Copying 0 resource
2020-09-20 15:48:23,503 [Worker-44] WARN  o.e.m.c.i.embedder.EclipseLogger - Using platform encoding (MS949 actually) to copy filtered resources, i.e. build is platform dependent!
2020-09-20 15:48:23,505 [Worker-44] INFO  o.e.m.c.i.embedder.EclipseLogger - Copying 0 resource
2020-09-20 15:48:49,133 [Worker-42] WARN  o.e.m.c.i.embedder.EclipseLogger - Using platform encoding (MS949 actually) to copy filtered resources, i.e. build is platform dependent!
2020-09-20 15:48:49,136 [Worker-42] INFO  o.e.m.c.i.embedder.EclipseLogger - Copying 0 resource
2020-09-20 15:48:49,137 [Worker-42] WARN  o.e.m.c.i.embedder.EclipseLogger - Using platform encoding (MS949 actually) to copy filtered resources, i.e. build is platform dependent!
2020-09-20 15:48:49,140 [Worker-42] INFO  o.e.m.c.i.embedder.EclipseLogger - Copying 0 resource
2020-09-20 15:49:50,799 [Worker-44] WARN  o.e.m.c.i.embedder.EclipseLogger - Using platform encoding (MS949 actually) to copy filtered resources, i.e. build is platform dependent!
2020-09-20 15:49:50,801 [Worker-44] INFO  o.e.m.c.i.embedder.EclipseLogger - Copying 0 resource
2020-09-20 15:49:50,804 [Worker-44] WARN  o.e.m.c.i.embedder.EclipseLogger - Using platform encoding (MS949 actually) to copy filtered resources, i.e. build is platform dependent!
2020-09-20 15:49:50,805 [Worker-44] INFO  o.e.m.c.i.embedder.EclipseLogger - Copying 0 resource
2020-09-20 15:49:53,577 [Worker-39] WARN  o.e.m.c.i.embedder.EclipseLogger - Using platform encoding (MS949 actually) to copy filtered resources, i.e. build is platform dependent!
2020-09-20 15:49:53,579 [Worker-39] INFO  o.e.m.c.i.embedder.EclipseLogger - Copying 0 resource
2020-09-20 15:49:53,581 [Worker-39] WARN  o.e.m.c.i.embedder.EclipseLogger - Using platform encoding (MS949 actually) to copy filtered resources, i.e. build is platform dependent!
2020-09-20 15:49:53,583 [Worker-39] INFO  o.e.m.c.i.embedder.EclipseLogger - Copying 0 resource
2020-09-20 15:50:21,043 [Worker-44] WARN  o.e.m.c.i.embedder.EclipseLogger - Using platform encoding (MS949 actually) to copy filtered resources, i.e. build is platform dependent!
2020-09-20 15:50:21,045 [Worker-44] INFO  o.e.m.c.i.embedder.EclipseLogger - Copying 0 resource
2020-09-20 15:50:21,047 [Worker-44] WARN  o.e.m.c.i.embedder.EclipseLogger - Using platform encoding (MS949 actually) to copy filtered resources, i.e. build is platform dependent!
2020-09-20 15:50:21,049 [Worker-44] INFO  o.e.m.c.i.embedder.EclipseLogger - Copying 0 resource
2020-09-20 15:50:33,970 [Worker-41] WARN  o.e.m.c.i.embedder.EclipseLogger - Using platform encoding (MS949 actually) to copy filtered resources, i.e. build is platform dependent!
2020-09-20 15:50:33,977 [Worker-41] INFO  o.e.m.c.i.embedder.EclipseLogger - Copying 0 resource
2020-09-20 15:50:33,980 [Worker-41] WARN  o.e.m.c.i.embedder.EclipseLogger - Using platform encoding (MS949 actually) to copy filtered resources, i.e. build is platform dependent!
2020-09-20 15:50:33,983 [Worker-41] INFO  o.e.m.c.i.embedder.EclipseLogger - Copying 0 resource
2020-09-20 15:50:43,209 [Worker-46] WARN  o.e.m.c.i.embedder.EclipseLogger - Using platform encoding (MS949 actually) to copy filtered resources, i.e. build is platform dependent!
2020-09-20 15:50:43,211 [Worker-46] INFO  o.e.m.c.i.embedder.EclipseLogger - Copying 0 resource
2020-09-20 15:50:43,215 [Worker-46] WARN  o.e.m.c.i.embedder.EclipseLogger - Using platform encoding (MS949 actually) to copy filtered resources, i.e. build is platform dependent!
2020-09-20 15:50:43,217 [Worker-46] INFO  o.e.m.c.i.embedder.EclipseLogger - Copying 0 resource
2020-09-20 15:52:07,808 [Worker-36] WARN  o.e.m.c.i.embedder.EclipseLogger - Using platform encoding (MS949 actually) to copy filtered resources, i.e. build is platform dependent!
2020-09-20 15:52:07,810 [Worker-36] INFO  o.e.m.c.i.embedder.EclipseLogger - Copying 1 resource
2020-09-20 15:52:07,820 [Worker-36] WARN  o.e.m.c.i.embedder.EclipseLogger - Using platform encoding (MS949 actually) to copy filtered resources, i.e. build is platform dependent!
2020-09-20 15:52:07,823 [Worker-36] INFO  o.e.m.c.i.embedder.EclipseLogger - Copying 0 resource
2020-09-20 15:52:31,962 [Worker-44] WARN  o.e.m.c.i.embedder.EclipseLogger - Using platform encoding (MS949 actually) to copy filtered resources, i.e. build is platform dependent!
2020-09-20 15:52:31,968 [Worker-44] INFO  o.e.m.c.i.embedder.EclipseLogger - Copying 4 resources
2020-09-20 15:52:31,972 [Worker-44] WARN  o.e.m.c.i.embedder.EclipseLogger - Using platform encoding (MS949 actually) to copy filtered resources, i.e. build is platform dependent!
2020-09-20 15:52:31,980 [Worker-44] INFO  o.e.m.c.i.embedder.EclipseLogger - Copying 0 resource
2020-09-20 15:52:37,503 [Worker-14] WARN  o.e.m.c.i.embedder.EclipseLogger - Using platform encoding (MS949 actually) to copy filtered resources, i.e. build is platform dependent!
2020-09-20 15:52:37,510 [Worker-14] INFO  o.e.m.c.i.embedder.EclipseLogger - Copying 4 resources
2020-09-20 15:52:37,513 [Worker-14] WARN  o.e.m.c.i.embedder.EclipseLogger - Using platform encoding (MS949 actually) to copy filtered resources, i.e. build is platform dependent!
2020-09-20 15:52:37,515 [Worker-14] INFO  o.e.m.c.i.embedder.EclipseLogger - Copying 0 resource
2020-09-20 15:52:51,981 [Worker-47] WARN  o.e.m.c.i.embedder.EclipseLogger - Using platform encoding (MS949 actually) to copy filtered resources, i.e. build is platform dependent!
2020-09-20 15:52:51,983 [Worker-47] INFO  o.e.m.c.i.embedder.EclipseLogger - Copying 0 resource
2020-09-20 15:52:51,984 [Worker-47] WARN  o.e.m.c.i.embedder.EclipseLogger - Using platform encoding (MS949 actually) to copy filtered resources, i.e. build is platform dependent!
2020-09-20 15:52:51,987 [Worker-47] INFO  o.e.m.c.i.embedder.EclipseLogger - Copying 0 resource
2020-09-20 15:52:58,269 [Worker-41] WARN  o.e.m.c.i.embedder.EclipseLogger - Using platform encoding (MS949 actually) to copy filtered resources, i.e. build is platform dependent!
2020-09-20 15:52:58,271 [Worker-41] INFO  o.e.m.c.i.embedder.EclipseLogger - Copying 0 resource
2020-09-20 15:52:58,273 [Worker-41] WARN  o.e.m.c.i.embedder.EclipseLogger - Using platform encoding (MS949 actually) to copy filtered resources, i.e. build is platform dependent!
2020-09-20 15:52:58,275 [Worker-41] INFO  o.e.m.c.i.embedder.EclipseLogger - Copying 0 resource
2020-09-20 15:54:49,851 [Worker-43] WARN  o.e.m.c.i.embedder.EclipseLogger - Using platform encoding (MS949 actually) to copy filtered resources, i.e. build is platform dependent!
2020-09-20 15:54:49,853 [Worker-43] INFO  o.e.m.c.i.embedder.EclipseLogger - Copying 0 resource
2020-09-20 15:54:49,854 [Worker-43] WARN  o.e.m.c.i.embedder.EclipseLogger - Using platform encoding (MS949 actually) to copy filtered resources, i.e. build is platform dependent!
2020-09-20 15:54:49,856 [Worker-43] INFO  o.e.m.c.i.embedder.EclipseLogger - Copying 0 resource
2020-09-20 15:55:00,293 [Worker-45] WARN  o.e.m.c.i.embedder.EclipseLogger - Using platform encoding (MS949 actually) to copy filtered resources, i.e. build is platform dependent!
2020-09-20 15:55:00,294 [Worker-45] INFO  o.e.m.c.i.embedder.EclipseLogger - Copying 0 resource
2020-09-20 15:55:00,296 [Worker-45] WARN  o.e.m.c.i.embedder.EclipseLogger - Using platform encoding (MS949 actually) to copy filtered resources, i.e. build is platform dependent!
2020-09-20 15:55:00,299 [Worker-45] INFO  o.e.m.c.i.embedder.EclipseLogger - Copying 0 resource
2020-09-20 15:55:05,755 [Worker-43] WARN  o.e.m.c.i.embedder.EclipseLogger - Using platform encoding (MS949 actually) to copy filtered resources, i.e. build is platform dependent!
2020-09-20 15:55:05,759 [Worker-43] INFO  o.e.m.c.i.embedder.EclipseLogger - Copying 0 resource
2020-09-20 15:55:05,763 [Worker-43] WARN  o.e.m.c.i.embedder.EclipseLogger - Using platform encoding (MS949 actually) to copy filtered resources, i.e. build is platform dependent!
2020-09-20 15:55:05,767 [Worker-43] INFO  o.e.m.c.i.embedder.EclipseLogger - Copying 0 resource
2020-09-20 15:55:17,041 [Worker-45] WARN  o.e.m.c.i.embedder.EclipseLogger - Using platform encoding (MS949 actually) to copy filtered resources, i.e. build is platform dependent!
2020-09-20 15:55:17,042 [Worker-45] INFO  o.e.m.c.i.embedder.EclipseLogger - Copying 0 resource
2020-09-20 15:55:17,044 [Worker-45] WARN  o.e.m.c.i.embedder.EclipseLogger - Using platform encoding (MS949 actually) to copy filtered resources, i.e. build is platform dependent!
2020-09-20 15:55:17,045 [Worker-45] INFO  o.e.m.c.i.embedder.EclipseLogger - Copying 0 resource
2020-09-20 15:56:41,309 [Worker-39] WARN  o.e.m.c.i.embedder.EclipseLogger - Using platform encoding (MS949 actually) to copy filtered resources, i.e. build is platform dependent!
2020-09-20 15:56:41,312 [Worker-39] INFO  o.e.m.c.i.embedder.EclipseLogger - Copying 0 resource
2020-09-20 15:56:41,314 [Worker-39] WARN  o.e.m.c.i.embedder.EclipseLogger - Using platform encoding (MS949 actually) to copy filtered resources, i.e. build is platform dependent!
2020-09-20 15:56:41,317 [Worker-39] INFO  o.e.m.c.i.embedder.EclipseLogger - Copying 0 resource
2020-09-20 15:57:47,157 [Worker-42] WARN  o.e.m.c.i.embedder.EclipseLogger - Using platform encoding (MS949 actually) to copy filtered resources, i.e. build is platform dependent!
2020-09-20 15:57:47,160 [Worker-42] INFO  o.e.m.c.i.embedder.EclipseLogger - Copying 0 resource
2020-09-20 15:57:47,166 [Worker-42] WARN  o.e.m.c.i.embedder.EclipseLogger - Using platform encoding (MS949 actually) to copy filtered resources, i.e. build is platform dependent!
2020-09-20 15:57:47,170 [Worker-42] INFO  o.e.m.c.i.embedder.EclipseLogger - Copying 0 resource
2020-09-20 15:58:43,369 [Worker-47] WARN  o.e.m.c.i.embedder.EclipseLogger - Using platform encoding (MS949 actually) to copy filtered resources, i.e. build is platform dependent!
2020-09-20 15:58:43,371 [Worker-47] INFO  o.e.m.c.i.embedder.EclipseLogger - Copying 1 resource
2020-09-20 15:58:43,377 [Worker-47] WARN  o.e.m.c.i.embedder.EclipseLogger - Using platform encoding (MS949 actually) to copy filtered resources, i.e. build is platform dependent!
2020-09-20 15:58:43,380 [Worker-47] INFO  o.e.m.c.i.embedder.EclipseLogger - Copying 0 resource
2020-09-20 15:59:08,893 [Worker-52] WARN  o.e.m.c.i.embedder.EclipseLogger - Using platform encoding (MS949 actually) to copy filtered resources, i.e. build is platform dependent!
2020-09-20 15:59:08,898 [Worker-52] INFO  o.e.m.c.i.embedder.EclipseLogger - Copying 1 resource
2020-09-20 15:59:08,913 [Worker-52] WARN  o.e.m.c.i.embedder.EclipseLogger - Using platform encoding (MS949 actually) to copy filtered resources, i.e. build is platform dependent!
2020-09-20 15:59:08,917 [Worker-52] INFO  o.e.m.c.i.embedder.EclipseLogger - Copying 0 resource
2020-09-20 15:59:29,996 [Worker-52] WARN  o.e.m.c.i.embedder.EclipseLogger - Using platform encoding (MS949 actually) to copy filtered resources, i.e. build is platform dependent!
2020-09-20 15:59:29,999 [Worker-52] INFO  o.e.m.c.i.embedder.EclipseLogger - Copying 1 resource
2020-09-20 15:59:30,007 [Worker-52] WARN  o.e.m.c.i.embedder.EclipseLogger - Using platform encoding (MS949 actually) to copy filtered resources, i.e. build is platform dependent!
2020-09-20 15:59:30,009 [Worker-52] INFO  o.e.m.c.i.embedder.EclipseLogger - Copying 0 resource
2020-09-20 16:00:37,369 [Worker-50] WARN  o.e.m.c.i.embedder.EclipseLogger - Using platform encoding (MS949 actually) to copy filtered resources, i.e. build is platform dependent!
2020-09-20 16:00:37,373 [Worker-50] INFO  o.e.m.c.i.embedder.EclipseLogger - Copying 1 resource
2020-09-20 16:00:37,382 [Worker-50] WARN  o.e.m.c.i.embedder.EclipseLogger - Using platform encoding (MS949 actually) to copy filtered resources, i.e. build is platform dependent!
2020-09-20 16:00:37,386 [Worker-50] INFO  o.e.m.c.i.embedder.EclipseLogger - Copying 0 resource
2020-09-20 16:00:47,429 [Worker-43] WARN  o.e.m.c.i.embedder.EclipseLogger - Using platform encoding (MS949 actually) to copy filtered resources, i.e. build is platform dependent!
2020-09-20 16:00:47,431 [Worker-43] INFO  o.e.m.c.i.embedder.EclipseLogger - Copying 1 resource
2020-09-20 16:00:47,438 [Worker-43] WARN  o.e.m.c.i.embedder.EclipseLogger - Using platform encoding (MS949 actually) to copy filtered resources, i.e. build is platform dependent!
2020-09-20 16:00:47,440 [Worker-43] INFO  o.e.m.c.i.embedder.EclipseLogger - Copying 0 resource
2020-09-20 16:01:12,101 [Worker-43] WARN  o.e.m.c.i.embedder.EclipseLogger - Using platform encoding (MS949 actually) to copy filtered resources, i.e. build is platform dependent!
2020-09-20 16:01:12,107 [Worker-43] INFO  o.e.m.c.i.embedder.EclipseLogger - Copying 4 resources
2020-09-20 16:01:12,111 [Worker-43] WARN  o.e.m.c.i.embedder.EclipseLogger - Using platform encoding (MS949 actually) to copy filtered resources, i.e. build is platform dependent!
2020-09-20 16:01:12,113 [Worker-43] INFO  o.e.m.c.i.embedder.EclipseLogger - Copying 0 resource
2020-09-20 16:04:41,401 [Worker-50] WARN  o.e.m.c.i.embedder.EclipseLogger - Using platform encoding (MS949 actually) to copy filtered resources, i.e. build is platform dependent!
2020-09-20 16:04:41,403 [Worker-50] INFO  o.e.m.c.i.embedder.EclipseLogger - Copying 1 resource
2020-09-20 16:04:41,409 [Worker-50] WARN  o.e.m.c.i.embedder.EclipseLogger - Using platform encoding (MS949 actually) to copy filtered resources, i.e. build is platform dependent!
2020-09-20 16:04:41,411 [Worker-50] INFO  o.e.m.c.i.embedder.EclipseLogger - Copying 0 resource
2020-09-20 16:07:38,245 [Worker-60] WARN  o.e.m.c.i.embedder.EclipseLogger - Using platform encoding (MS949 actually) to copy filtered resources, i.e. build is platform dependent!
2020-09-20 16:07:38,247 [Worker-60] INFO  o.e.m.c.i.embedder.EclipseLogger - Copying 1 resource
2020-09-20 16:07:38,255 [Worker-60] WARN  o.e.m.c.i.embedder.EclipseLogger - Using platform encoding (MS949 actually) to copy filtered resources, i.e. build is platform dependent!
2020-09-20 16:07:38,258 [Worker-60] INFO  o.e.m.c.i.embedder.EclipseLogger - Copying 0 resource
2020-09-20 16:08:32,605 [Worker-53] WARN  o.e.m.c.i.embedder.EclipseLogger - Using platform encoding (MS949 actually) to copy filtered resources, i.e. build is platform dependent!
2020-09-20 16:08:32,608 [Worker-53] INFO  o.e.m.c.i.embedder.EclipseLogger - Copying 1 resource
2020-09-20 16:08:32,618 [Worker-53] WARN  o.e.m.c.i.embedder.EclipseLogger - Using platform encoding (MS949 actually) to copy filtered resources, i.e. build is platform dependent!
2020-09-20 16:08:32,621 [Worker-53] INFO  o.e.m.c.i.embedder.EclipseLogger - Copying 0 resource
2020-09-20 16:08:34,724 [Worker-56] WARN  o.e.m.c.i.embedder.EclipseLogger - Using platform encoding (MS949 actually) to copy filtered resources, i.e. build is platform dependent!
2020-09-20 16:08:34,726 [Worker-56] INFO  o.e.m.c.i.embedder.EclipseLogger - Copying 1 resource
2020-09-20 16:08:34,732 [Worker-56] WARN  o.e.m.c.i.embedder.EclipseLogger - Using platform encoding (MS949 actually) to copy filtered resources, i.e. build is platform dependent!
2020-09-20 16:08:34,733 [Worker-56] INFO  o.e.m.c.i.embedder.EclipseLogger - Copying 0 resource
2020-09-20 16:08:58,191 [Worker-62] WARN  o.e.m.c.i.embedder.EclipseLogger - Using platform encoding (MS949 actually) to copy filtered resources, i.e. build is platform dependent!
2020-09-20 16:08:58,194 [Worker-62] INFO  o.e.m.c.i.embedder.EclipseLogger - Copying 1 resource
2020-09-20 16:08:58,201 [Worker-62] WARN  o.e.m.c.i.embedder.EclipseLogger - Using platform encoding (MS949 actually) to copy filtered resources, i.e. build is platform dependent!
2020-09-20 16:08:58,204 [Worker-62] INFO  o.e.m.c.i.embedder.EclipseLogger - Copying 0 resource
2020-09-20 16:08:59,253 [Worker-54] WARN  o.e.m.c.i.embedder.EclipseLogger - Using platform encoding (MS949 actually) to copy filtered resources, i.e. build is platform dependent!
2020-09-20 16:08:59,255 [Worker-54] INFO  o.e.m.c.i.embedder.EclipseLogger - Copying 0 resource
2020-09-20 16:08:59,257 [Worker-54] WARN  o.e.m.c.i.embedder.EclipseLogger - Using platform encoding (MS949 actually) to copy filtered resources, i.e. build is platform dependent!
2020-09-20 16:08:59,259 [Worker-54] INFO  o.e.m.c.i.embedder.EclipseLogger - Copying 0 resource
2020-09-20 16:09:17,551 [Worker-62] WARN  o.e.m.c.i.embedder.EclipseLogger - Using platform encoding (MS949 actually) to copy filtered resources, i.e. build is platform dependent!
2020-09-20 16:09:17,553 [Worker-62] INFO  o.e.m.c.i.embedder.EclipseLogger - Copying 1 resource
2020-09-20 16:09:17,560 [Worker-62] WARN  o.e.m.c.i.embedder.EclipseLogger - Using platform encoding (MS949 actually) to copy filtered resources, i.e. build is platform dependent!
2020-09-20 16:09:17,562 [Worker-62] INFO  o.e.m.c.i.embedder.EclipseLogger - Copying 0 resource
2020-09-20 16:09:38,731 [Worker-56] WARN  o.e.m.c.i.embedder.EclipseLogger - Using platform encoding (MS949 actually) to copy filtered resources, i.e. build is platform dependent!
2020-09-20 16:09:38,735 [Worker-56] INFO  o.e.m.c.i.embedder.EclipseLogger - Copying 1 resource
2020-09-20 16:09:38,752 [Worker-56] WARN  o.e.m.c.i.embedder.EclipseLogger - Using platform encoding (MS949 actually) to copy filtered resources, i.e. build is platform dependent!
2020-09-20 16:09:38,757 [Worker-56] INFO  o.e.m.c.i.embedder.EclipseLogger - Copying 0 resource
2020-09-20 16:09:57,937 [Worker-62] WARN  o.e.m.c.i.embedder.EclipseLogger - Using platform encoding (MS949 actually) to copy filtered resources, i.e. build is platform dependent!
2020-09-20 16:09:57,942 [Worker-62] INFO  o.e.m.c.i.embedder.EclipseLogger - Copying 5 resources
2020-09-20 16:09:57,945 [Worker-62] WARN  o.e.m.c.i.embedder.EclipseLogger - Using platform encoding (MS949 actually) to copy filtered resources, i.e. build is platform dependent!
2020-09-20 16:09:57,947 [Worker-62] INFO  o.e.m.c.i.embedder.EclipseLogger - Copying 0 resource
2020-09-20 16:10:11,388 [Worker-63] WARN  o.e.m.c.i.embedder.EclipseLogger - Using platform encoding (MS949 actually) to copy filtered resources, i.e. build is platform dependent!
2020-09-20 16:10:11,393 [Worker-63] INFO  o.e.m.c.i.embedder.EclipseLogger - Copying 5 resources
2020-09-20 16:10:11,397 [Worker-63] WARN  o.e.m.c.i.embedder.EclipseLogger - Using platform encoding (MS949 actually) to copy filtered resources, i.e. build is platform dependent!
2020-09-20 16:10:11,399 [Worker-63] INFO  o.e.m.c.i.embedder.EclipseLogger - Copying 0 resource
2020-09-20 16:10:13,176 [Worker-63] WARN  o.e.m.c.i.embedder.EclipseLogger - Using platform encoding (MS949 actually) to copy filtered resources, i.e. build is platform dependent!
2020-09-20 16:10:13,181 [Worker-63] INFO  o.e.m.c.i.embedder.EclipseLogger - Copying 5 resources
2020-09-20 16:10:13,184 [Worker-63] WARN  o.e.m.c.i.embedder.EclipseLogger - Using platform encoding (MS949 actually) to copy filtered resources, i.e. build is platform dependent!
2020-09-20 16:10:13,186 [Worker-63] INFO  o.e.m.c.i.embedder.EclipseLogger - Copying 0 resource
2020-09-20 16:11:56,133 [Worker-64] WARN  o.e.m.c.i.embedder.EclipseLogger - Using platform encoding (MS949 actually) to copy filtered resources, i.e. build is platform dependent!
2020-09-20 16:11:56,136 [Worker-64] INFO  o.e.m.c.i.embedder.EclipseLogger - Copying 0 resource
2020-09-20 16:11:56,138 [Worker-64] WARN  o.e.m.c.i.embedder.EclipseLogger - Using platform encoding (MS949 actually) to copy filtered resources, i.e. build is platform dependent!
2020-09-20 16:11:56,140 [Worker-64] INFO  o.e.m.c.i.embedder.EclipseLogger - Copying 0 resource
2020-09-20 16:14:00,786 [Worker-61] WARN  o.e.m.c.i.embedder.EclipseLogger - Using platform encoding (MS949 actually) to copy filtered resources, i.e. build is platform dependent!
2020-09-20 16:14:00,789 [Worker-61] INFO  o.e.m.c.i.embedder.EclipseLogger - Copying 0 resource
2020-09-20 16:14:00,791 [Worker-61] WARN  o.e.m.c.i.embedder.EclipseLogger - Using platform encoding (MS949 actually) to copy filtered resources, i.e. build is platform dependent!
2020-09-20 16:14:00,794 [Worker-61] INFO  o.e.m.c.i.embedder.EclipseLogger - Copying 0 resource
2020-09-20 16:14:13,942 [Worker-62] WARN  o.e.m.c.i.embedder.EclipseLogger - Using platform encoding (MS949 actually) to copy filtered resources, i.e. build is platform dependent!
2020-09-20 16:14:13,945 [Worker-62] INFO  o.e.m.c.i.embedder.EclipseLogger - Copying 0 resource
2020-09-20 16:14:13,947 [Worker-62] WARN  o.e.m.c.i.embedder.EclipseLogger - Using platform encoding (MS949 actually) to copy filtered resources, i.e. build is platform dependent!
2020-09-20 16:14:13,949 [Worker-62] INFO  o.e.m.c.i.embedder.EclipseLogger - Copying 0 resource
2020-09-20 16:14:20,584 [Worker-61] WARN  o.e.m.c.i.embedder.EclipseLogger - Using platform encoding (MS949 actually) to copy filtered resources, i.e. build is platform dependent!
2020-09-20 16:14:20,588 [Worker-61] INFO  o.e.m.c.i.embedder.EclipseLogger - Copying 0 resource
2020-09-20 16:14:20,591 [Worker-61] WARN  o.e.m.c.i.embedder.EclipseLogger - Using platform encoding (MS949 actually) to copy filtered resources, i.e. build is platform dependent!
2020-09-20 16:14:20,596 [Worker-61] INFO  o.e.m.c.i.embedder.EclipseLogger - Copying 0 resource
2020-09-20 16:14:25,544 [Worker-62] WARN  o.e.m.c.i.embedder.EclipseLogger - Using platform encoding (MS949 actually) to copy filtered resources, i.e. build is platform dependent!
2020-09-20 16:14:25,549 [Worker-62] INFO  o.e.m.c.i.embedder.EclipseLogger - Copying 0 resource
2020-09-20 16:14:25,553 [Worker-62] WARN  o.e.m.c.i.embedder.EclipseLogger - Using platform encoding (MS949 actually) to copy filtered resources, i.e. build is platform dependent!
2020-09-20 16:14:25,559 [Worker-62] INFO  o.e.m.c.i.embedder.EclipseLogger - Copying 0 resource
2020-09-20 16:14:29,139 [Worker-61] WARN  o.e.m.c.i.embedder.EclipseLogger - Using platform encoding (MS949 actually) to copy filtered resources, i.e. build is platform dependent!
2020-09-20 16:14:29,142 [Worker-61] INFO  o.e.m.c.i.embedder.EclipseLogger - Copying 0 resource
2020-09-20 16:14:29,143 [Worker-61] WARN  o.e.m.c.i.embedder.EclipseLogger - Using platform encoding (MS949 actually) to copy filtered resources, i.e. build is platform dependent!
2020-09-20 16:14:29,147 [Worker-61] INFO  o.e.m.c.i.embedder.EclipseLogger - Copying 0 resource
2020-09-20 16:14:33,609 [Worker-61] WARN  o.e.m.c.i.embedder.EclipseLogger - Using platform encoding (MS949 actually) to copy filtered resources, i.e. build is platform dependent!
2020-09-20 16:14:33,612 [Worker-61] INFO  o.e.m.c.i.embedder.EclipseLogger - Copying 0 resource
2020-09-20 16:14:33,614 [Worker-61] WARN  o.e.m.c.i.embedder.EclipseLogger - Using platform encoding (MS949 actually) to copy filtered resources, i.e. build is platform dependent!
2020-09-20 16:14:33,618 [Worker-61] INFO  o.e.m.c.i.embedder.EclipseLogger - Copying 0 resource
2020-09-20 16:14:53,203 [Worker-49] WARN  o.e.m.c.i.embedder.EclipseLogger - Using platform encoding (MS949 actually) to copy filtered resources, i.e. build is platform dependent!
2020-09-20 16:14:53,206 [Worker-49] INFO  o.e.m.c.i.embedder.EclipseLogger - Copying 0 resource
2020-09-20 16:14:53,208 [Worker-49] WARN  o.e.m.c.i.embedder.EclipseLogger - Using platform encoding (MS949 actually) to copy filtered resources, i.e. build is platform dependent!
2020-09-20 16:14:53,211 [Worker-49] INFO  o.e.m.c.i.embedder.EclipseLogger - Copying 0 resource
2020-09-20 16:15:20,912 [Worker-64] WARN  o.e.m.c.i.embedder.EclipseLogger - Using platform encoding (MS949 actually) to copy filtered resources, i.e. build is platform dependent!
2020-09-20 16:15:20,915 [Worker-64] INFO  o.e.m.c.i.embedder.EclipseLogger - Copying 0 resource
2020-09-20 16:15:20,917 [Worker-64] WARN  o.e.m.c.i.embedder.EclipseLogger - Using platform encoding (MS949 actually) to copy filtered resources, i.e. build is platform dependent!
2020-09-20 16:15:20,920 [Worker-64] INFO  o.e.m.c.i.embedder.EclipseLogger - Copying 0 resource
2020-09-20 16:15:31,309 [Worker-64] WARN  o.e.m.c.i.embedder.EclipseLogger - Using platform encoding (MS949 actually) to copy filtered resources, i.e. build is platform dependent!
2020-09-20 16:15:31,312 [Worker-64] INFO  o.e.m.c.i.embedder.EclipseLogger - Copying 0 resource
2020-09-20 16:15:31,313 [Worker-64] WARN  o.e.m.c.i.embedder.EclipseLogger - Using platform encoding (MS949 actually) to copy filtered resources, i.e. build is platform dependent!
2020-09-20 16:15:31,316 [Worker-64] INFO  o.e.m.c.i.embedder.EclipseLogger - Copying 0 resource
2020-09-20 16:16:27,905 [Worker-68] WARN  o.e.m.c.i.embedder.EclipseLogger - Using platform encoding (MS949 actually) to copy filtered resources, i.e. build is platform dependent!
2020-09-20 16:16:27,907 [Worker-68] INFO  o.e.m.c.i.embedder.EclipseLogger - Copying 0 resource
2020-09-20 16:16:27,909 [Worker-68] WARN  o.e.m.c.i.embedder.EclipseLogger - Using platform encoding (MS949 actually) to copy filtered resources, i.e. build is platform dependent!
